Copyright 1986-2020 Xilinx, Inc. All Rights Reserved.
-----------------------------------------------------------------------------------------------------------------------------------------------------------------------------------
| Tool Version : Vivado v.2020.2 (lin64) Build 3064766 Wed Nov 18 09:12:47 MST 2020
| Date         : Mon May  5 18:47:31 2025
| Host         : pop-os running 64-bit Pop!_OS 24.04 LTS
| Command      : report_timing_summary -max_paths 10 -file main_timing_summary_routed.rpt -pb main_timing_summary_routed.pb -rpx main_timing_summary_routed.rpx -warn_on_violation
| Design       : main
| Device       : 7z010-clg400
| Speed File   : -1  PRODUCTION 1.12 2019-11-22
-----------------------------------------------------------------------------------------------------------------------------------------------------------------------------------

Timing Summary Report

------------------------------------------------------------------------------------------------
| Timer Settings
| --------------
------------------------------------------------------------------------------------------------

  Enable Multi Corner Analysis               :  Yes
  Enable Pessimism Removal                   :  Yes
  Pessimism Removal Resolution               :  Nearest Common Node
  Enable Input Delay Default Clock           :  No
  Enable Preset / Clear Arcs                 :  No
  Disable Flight Delays                      :  No
  Ignore I/O Paths                           :  No
  Timing Early Launch at Borrowing Latches   :  No
  Borrow Time for Max Delay Exceptions       :  Yes
  Merge Timing Exceptions                    :  Yes

  Corner  Analyze    Analyze    
  Name    Max Paths  Min Paths  
  ------  ---------  ---------  
  Slow    Yes        Yes        
  Fast    Yes        Yes        



check_timing report

Table of Contents
-----------------
1. checking no_clock (17)
2. checking constant_clock (0)
3. checking pulse_width_clock (0)
4. checking unconstrained_internal_endpoints (33)
5. checking no_input_delay (0)
6. checking no_output_delay (2)
7. checking multiple_clock (0)
8. checking generated_clocks (0)
9. checking loops (0)
10. checking partial_input_delay (0)
11. checking partial_output_delay (0)
12. checking latch_loops (0)

1. checking no_clock (17)
-------------------------
 There are 17 register/latch pins with no clock driven by root clock pin: inst_synch/d_s5MHzInt_reg/Q (HIGH)


2. checking constant_clock (0)
------------------------------
 There are 0 register/latch pins with constant_clock.


3. checking pulse_width_clock (0)
---------------------------------
 There are 0 register/latch pins which need pulse_width check


4. checking unconstrained_internal_endpoints (33)
-------------------------------------------------
 There are 33 pins that are not constrained for maximum delay. (HIGH)

 There are 0 pins that are not constrained for maximum delay due to constant clock.


5. checking no_input_delay (0)
------------------------------
 There are 0 input ports with no input delay specified.

 There are 0 input ports with no input delay but user has a false path constraint.


6. checking no_output_delay (2)
-------------------------------
 There are 2 ports with no output delay specified. (HIGH)

 There are 0 ports with no output delay but user has a false path constraint

 There are 0 ports with no output delay but with a timing clock defined on it or propagating through it


7. checking multiple_clock (0)
------------------------------
 There are 0 register/latch pins with multiple clocks.


8. checking generated_clocks (0)
--------------------------------
 There are 0 generated clocks that are not connected to a clock source.


9. checking loops (0)
---------------------
 There are 0 combinational loops in the design.


10. checking partial_input_delay (0)
------------------------------------
 There are 0 input ports with partial input delay specified.


11. checking partial_output_delay (0)
-------------------------------------
 There are 0 ports with partial output delay specified.


12. checking latch_loops (0)
----------------------------
 There are 0 combinational latch loops in the design through latch input



------------------------------------------------------------------------------------------------
| Design Timing Summary
| ---------------------
------------------------------------------------------------------------------------------------

    WNS(ns)      TNS(ns)  TNS Failing Endpoints  TNS Total Endpoints      WHS(ns)      THS(ns)  THS Failing Endpoints  THS Total Endpoints     WPWS(ns)     TPWS(ns)  TPWS Failing Endpoints  TPWS Total Endpoints  
    -------      -------  ---------------------  -------------------      -------      -------  ---------------------  -------------------     --------     --------  ----------------------  --------------------  
      3.308        0.000                      0                   94        0.102        0.000                      0                   94        3.500        0.000                       0                    37  


All user specified timing constraints are met.


------------------------------------------------------------------------------------------------
| Clock Summary
| -------------
------------------------------------------------------------------------------------------------

Clock        Waveform(ns)         Period(ns)      Frequency(MHz)
-----        ------------         ----------      --------------
sys_clk_pin  {0.000 4.000}        8.000           125.000         


------------------------------------------------------------------------------------------------
| Intra Clock Table
| -----------------
------------------------------------------------------------------------------------------------

Clock             WNS(ns)      TNS(ns)  TNS Failing Endpoints  TNS Total Endpoints      WHS(ns)      THS(ns)  THS Failing Endpoints  THS Total Endpoints     WPWS(ns)     TPWS(ns)  TPWS Failing Endpoints  TPWS Total Endpoints  
-----             -------      -------  ---------------------  -------------------      -------      -------  ---------------------  -------------------     --------     --------  ----------------------  --------------------  
sys_clk_pin         3.308        0.000                      0                   94        0.102        0.000                      0                   94        3.500        0.000                       0                    37  


------------------------------------------------------------------------------------------------
| Inter Clock Table
| -----------------
------------------------------------------------------------------------------------------------

From Clock    To Clock          WNS(ns)      TNS(ns)  TNS Failing Endpoints  TNS Total Endpoints      WHS(ns)      THS(ns)  THS Failing Endpoints  THS Total Endpoints  
----------    --------          -------      -------  ---------------------  -------------------      -------      -------  ---------------------  -------------------  


------------------------------------------------------------------------------------------------
| Other Path Groups Table
| -----------------------
------------------------------------------------------------------------------------------------

Path Group    From Clock    To Clock          WNS(ns)      TNS(ns)  TNS Failing Endpoints  TNS Total Endpoints      WHS(ns)      THS(ns)  THS Failing Endpoints  THS Total Endpoints  
----------    ----------    --------          -------      -------  ---------------------  -------------------      -------      -------  ---------------------  -------------------  


------------------------------------------------------------------------------------------------
| Timing Details
| --------------
------------------------------------------------------------------------------------------------


---------------------------------------------------------------------------------------------------
From Clock:  sys_clk_pin
  To Clock:  sys_clk_pin

Setup :            0  Failing Endpoints,  Worst Slack        3.308ns,  Total Violation        0.000ns
Hold  :            0  Failing Endpoints,  Worst Slack        0.102ns,  Total Violation        0.000ns
PW    :            0  Failing Endpoints,  Worst Slack        3.500ns,  Total Violation        0.000ns
---------------------------------------------------------------------------------------------------


Max Delay Paths
--------------------------------------------------------------------------------------
Slack (MET) :             3.308ns  (required time - arrival time)
  Source:                 inst_synch/ValueCounter5MHz_reg[4]/C
                            (rising edge-triggered cell FDRE clocked by sys_clk_pin  {rise@0.000ns fall@4.000ns period=8.000ns})
  Destination:            inst_synch/ValueCounter100Hz_reg[12]/R
                            (rising edge-triggered cell FDRE clocked by sys_clk_pin  {rise@0.000ns fall@4.000ns period=8.000ns})
  Path Group:             sys_clk_pin
  Path Type:              Setup (Max at Slow Process Corner)
  Requirement:            8.000ns  (sys_clk_pin rise@8.000ns - sys_clk_pin rise@0.000ns)
  Data Path Delay:        4.080ns  (logic 0.839ns (20.566%)  route 3.241ns (79.434%))
  Logic Levels:           2  (LUT5=1 LUT6=1)
  Clock Path Skew:        -0.053ns (DCD - SCD + CPR)
    Destination Clock Delay (DCD):    4.879ns = ( 12.879 - 8.000 ) 
    Source Clock Delay      (SCD):    5.323ns
    Clock Pessimism Removal (CPR):    0.391ns
  Clock Uncertainty:      0.035ns  ((TSJ^2 + TIJ^2)^1/2 + DJ) / 2 + PE
    Total System Jitter     (TSJ):    0.071ns
    Total Input Jitter      (TIJ):    0.000ns
    Discrete Jitter          (DJ):    0.000ns
    Phase Error              (PE):    0.000ns

    Location             Delay type                Incr(ns)  Path(ns)    Netlist Resource(s)
  -------------------------------------------------------------------    -------------------
                         (clock sys_clk_pin rise edge)
                                                      0.000     0.000 r  
    K17                                               0.000     0.000 r  sysclk (IN)
                         net (fo=0)                   0.000     0.000    sysclk
    K17                  IBUF (Prop_ibuf_I_O)         1.492     1.492 r  sysclk_IBUF_inst/O
                         net (fo=1, routed)           2.076     3.568    sysclk_IBUF
    BUFGCTRL_X0Y16       BUFG (Prop_bufg_I_O)         0.101     3.669 r  sysclk_IBUF_BUFG_inst/O
                         net (fo=36, routed)          1.654     5.323    inst_synch/sysclk
    SLICE_X26Y63         FDRE                                         r  inst_synch/ValueCounter5MHz_reg[4]/C
  -------------------------------------------------------------------    -------------------
    SLICE_X26Y63         FDRE (Prop_fdre_C_Q)         0.419     5.742 f  inst_synch/ValueCounter5MHz_reg[4]/Q
                         net (fo=3, routed)           0.886     6.628    inst_synch/ValueCounter5MHz_reg[4]
    SLICE_X26Y63         LUT5 (Prop_lut5_I0_O)        0.296     6.924 r  inst_synch/ValueCounter5MHz[4]_i_1/O
                         net (fo=13, routed)          1.527     8.451    inst_synch/eqOp
    SLICE_X29Y50         LUT6 (Prop_lut6_I3_O)        0.124     8.575 r  inst_synch/ValueCounter100Hz[0]_i_1/O
                         net (fo=24, routed)          0.828     9.402    inst_synch/ValueCounter100Hz
    SLICE_X28Y50         FDRE                                         r  inst_synch/ValueCounter100Hz_reg[12]/R
  -------------------------------------------------------------------    -------------------

                         (clock sys_clk_pin rise edge)
                                                      8.000     8.000 r  
    K17                                               0.000     8.000 r  sysclk (IN)
                         net (fo=0)                   0.000     8.000    sysclk
    K17                  IBUF (Prop_ibuf_I_O)         1.421     9.421 r  sysclk_IBUF_inst/O
                         net (fo=1, routed)           1.880    11.301    sysclk_IBUF
    BUFGCTRL_X0Y16       BUFG (Prop_bufg_I_O)         0.091    11.392 r  sysclk_IBUF_BUFG_inst/O
                         net (fo=36, routed)          1.487    12.879    inst_synch/sysclk
    SLICE_X28Y50         FDRE                                         r  inst_synch/ValueCounter100Hz_reg[12]/C
                         clock pessimism              0.391    13.270    
                         clock uncertainty           -0.035    13.234    
    SLICE_X28Y50         FDRE (Setup_fdre_C_R)       -0.524    12.710    inst_synch/ValueCounter100Hz_reg[12]
  -------------------------------------------------------------------
                         required time                         12.710    
                         arrival time                          -9.402    
  -------------------------------------------------------------------
                         slack                                  3.308    

Slack (MET) :             3.308ns  (required time - arrival time)
  Source:                 inst_synch/ValueCounter5MHz_reg[4]/C
                            (rising edge-triggered cell FDRE clocked by sys_clk_pin  {rise@0.000ns fall@4.000ns period=8.000ns})
  Destination:            inst_synch/ValueCounter100Hz_reg[13]/R
                            (rising edge-triggered cell FDRE clocked by sys_clk_pin  {rise@0.000ns fall@4.000ns period=8.000ns})
  Path Group:             sys_clk_pin
  Path Type:              Setup (Max at Slow Process Corner)
  Requirement:            8.000ns  (sys_clk_pin rise@8.000ns - sys_clk_pin rise@0.000ns)
  Data Path Delay:        4.080ns  (logic 0.839ns (20.566%)  route 3.241ns (79.434%))
  Logic Levels:           2  (LUT5=1 LUT6=1)
  Clock Path Skew:        -0.053ns (DCD - SCD + CPR)
    Destination Clock Delay (DCD):    4.879ns = ( 12.879 - 8.000 ) 
    Source Clock Delay      (SCD):    5.323ns
    Clock Pessimism Removal (CPR):    0.391ns
  Clock Uncertainty:      0.035ns  ((TSJ^2 + TIJ^2)^1/2 + DJ) / 2 + PE
    Total System Jitter     (TSJ):    0.071ns
    Total Input Jitter      (TIJ):    0.000ns
    Discrete Jitter          (DJ):    0.000ns
    Phase Error              (PE):    0.000ns

    Location             Delay type                Incr(ns)  Path(ns)    Netlist Resource(s)
  -------------------------------------------------------------------    -------------------
                         (clock sys_clk_pin rise edge)
                                                      0.000     0.000 r  
    K17                                               0.000     0.000 r  sysclk (IN)
                         net (fo=0)                   0.000     0.000    sysclk
    K17                  IBUF (Prop_ibuf_I_O)         1.492     1.492 r  sysclk_IBUF_inst/O
                         net (fo=1, routed)           2.076     3.568    sysclk_IBUF
    BUFGCTRL_X0Y16       BUFG (Prop_bufg_I_O)         0.101     3.669 r  sysclk_IBUF_BUFG_inst/O
                         net (fo=36, routed)          1.654     5.323    inst_synch/sysclk
    SLICE_X26Y63         FDRE                                         r  inst_synch/ValueCounter5MHz_reg[4]/C
  -------------------------------------------------------------------    -------------------
    SLICE_X26Y63         FDRE (Prop_fdre_C_Q)         0.419     5.742 f  inst_synch/ValueCounter5MHz_reg[4]/Q
                         net (fo=3, routed)           0.886     6.628    inst_synch/ValueCounter5MHz_reg[4]
    SLICE_X26Y63         LUT5 (Prop_lut5_I0_O)        0.296     6.924 r  inst_synch/ValueCounter5MHz[4]_i_1/O
                         net (fo=13, routed)          1.527     8.451    inst_synch/eqOp
    SLICE_X29Y50         LUT6 (Prop_lut6_I3_O)        0.124     8.575 r  inst_synch/ValueCounter100Hz[0]_i_1/O
                         net (fo=24, routed)          0.828     9.402    inst_synch/ValueCounter100Hz
    SLICE_X28Y50         FDRE                                         r  inst_synch/ValueCounter100Hz_reg[13]/R
  -------------------------------------------------------------------    -------------------

                         (clock sys_clk_pin rise edge)
                                                      8.000     8.000 r  
    K17                                               0.000     8.000 r  sysclk (IN)
                         net (fo=0)                   0.000     8.000    sysclk
    K17                  IBUF (Prop_ibuf_I_O)         1.421     9.421 r  sysclk_IBUF_inst/O
                         net (fo=1, routed)           1.880    11.301    sysclk_IBUF
    BUFGCTRL_X0Y16       BUFG (Prop_bufg_I_O)         0.091    11.392 r  sysclk_IBUF_BUFG_inst/O
                         net (fo=36, routed)          1.487    12.879    inst_synch/sysclk
    SLICE_X28Y50         FDRE                                         r  inst_synch/ValueCounter100Hz_reg[13]/C
                         clock pessimism              0.391    13.270    
                         clock uncertainty           -0.035    13.234    
    SLICE_X28Y50         FDRE (Setup_fdre_C_R)       -0.524    12.710    inst_synch/ValueCounter100Hz_reg[13]
  -------------------------------------------------------------------
                         required time                         12.710    
                         arrival time                          -9.402    
  -------------------------------------------------------------------
                         slack                                  3.308    

Slack (MET) :             3.308ns  (required time - arrival time)
  Source:                 inst_synch/ValueCounter5MHz_reg[4]/C
                            (rising edge-triggered cell FDRE clocked by sys_clk_pin  {rise@0.000ns fall@4.000ns period=8.000ns})
  Destination:            inst_synch/ValueCounter100Hz_reg[14]/R
                            (rising edge-triggered cell FDRE clocked by sys_clk_pin  {rise@0.000ns fall@4.000ns period=8.000ns})
  Path Group:             sys_clk_pin
  Path Type:              Setup (Max at Slow Process Corner)
  Requirement:            8.000ns  (sys_clk_pin rise@8.000ns - sys_clk_pin rise@0.000ns)
  Data Path Delay:        4.080ns  (logic 0.839ns (20.566%)  route 3.241ns (79.434%))
  Logic Levels:           2  (LUT5=1 LUT6=1)
  Clock Path Skew:        -0.053ns (DCD - SCD + CPR)
    Destination Clock Delay (DCD):    4.879ns = ( 12.879 - 8.000 ) 
    Source Clock Delay      (SCD):    5.323ns
    Clock Pessimism Removal (CPR):    0.391ns
  Clock Uncertainty:      0.035ns  ((TSJ^2 + TIJ^2)^1/2 + DJ) / 2 + PE
    Total System Jitter     (TSJ):    0.071ns
    Total Input Jitter      (TIJ):    0.000ns
    Discrete Jitter          (DJ):    0.000ns
    Phase Error              (PE):    0.000ns

    Location             Delay type                Incr(ns)  Path(ns)    Netlist Resource(s)
  -------------------------------------------------------------------    -------------------
                         (clock sys_clk_pin rise edge)
                                                      0.000     0.000 r  
    K17                                               0.000     0.000 r  sysclk (IN)
                         net (fo=0)                   0.000     0.000    sysclk
    K17                  IBUF (Prop_ibuf_I_O)         1.492     1.492 r  sysclk_IBUF_inst/O
                         net (fo=1, routed)           2.076     3.568    sysclk_IBUF
    BUFGCTRL_X0Y16       BUFG (Prop_bufg_I_O)         0.101     3.669 r  sysclk_IBUF_BUFG_inst/O
                         net (fo=36, routed)          1.654     5.323    inst_synch/sysclk
    SLICE_X26Y63         FDRE                                         r  inst_synch/ValueCounter5MHz_reg[4]/C
  -------------------------------------------------------------------    -------------------
    SLICE_X26Y63         FDRE (Prop_fdre_C_Q)         0.419     5.742 f  inst_synch/ValueCounter5MHz_reg[4]/Q
                         net (fo=3, routed)           0.886     6.628    inst_synch/ValueCounter5MHz_reg[4]
    SLICE_X26Y63         LUT5 (Prop_lut5_I0_O)        0.296     6.924 r  inst_synch/ValueCounter5MHz[4]_i_1/O
                         net (fo=13, routed)          1.527     8.451    inst_synch/eqOp
    SLICE_X29Y50         LUT6 (Prop_lut6_I3_O)        0.124     8.575 r  inst_synch/ValueCounter100Hz[0]_i_1/O
                         net (fo=24, routed)          0.828     9.402    inst_synch/ValueCounter100Hz
    SLICE_X28Y50         FDRE                                         r  inst_synch/ValueCounter100Hz_reg[14]/R
  -------------------------------------------------------------------    -------------------

                         (clock sys_clk_pin rise edge)
                                                      8.000     8.000 r  
    K17                                               0.000     8.000 r  sysclk (IN)
                         net (fo=0)                   0.000     8.000    sysclk
    K17                  IBUF (Prop_ibuf_I_O)         1.421     9.421 r  sysclk_IBUF_inst/O
                         net (fo=1, routed)           1.880    11.301    sysclk_IBUF
    BUFGCTRL_X0Y16       BUFG (Prop_bufg_I_O)         0.091    11.392 r  sysclk_IBUF_BUFG_inst/O
                         net (fo=36, routed)          1.487    12.879    inst_synch/sysclk
    SLICE_X28Y50         FDRE                                         r  inst_synch/ValueCounter100Hz_reg[14]/C
                         clock pessimism              0.391    13.270    
                         clock uncertainty           -0.035    13.234    
    SLICE_X28Y50         FDRE (Setup_fdre_C_R)       -0.524    12.710    inst_synch/ValueCounter100Hz_reg[14]
  -------------------------------------------------------------------
                         required time                         12.710    
                         arrival time                          -9.402    
  -------------------------------------------------------------------
                         slack                                  3.308    

Slack (MET) :             3.308ns  (required time - arrival time)
  Source:                 inst_synch/ValueCounter5MHz_reg[4]/C
                            (rising edge-triggered cell FDRE clocked by sys_clk_pin  {rise@0.000ns fall@4.000ns period=8.000ns})
  Destination:            inst_synch/ValueCounter100Hz_reg[15]/R
                            (rising edge-triggered cell FDRE clocked by sys_clk_pin  {rise@0.000ns fall@4.000ns period=8.000ns})
  Path Group:             sys_clk_pin
  Path Type:              Setup (Max at Slow Process Corner)
  Requirement:            8.000ns  (sys_clk_pin rise@8.000ns - sys_clk_pin rise@0.000ns)
  Data Path Delay:        4.080ns  (logic 0.839ns (20.566%)  route 3.241ns (79.434%))
  Logic Levels:           2  (LUT5=1 LUT6=1)
  Clock Path Skew:        -0.053ns (DCD - SCD + CPR)
    Destination Clock Delay (DCD):    4.879ns = ( 12.879 - 8.000 ) 
    Source Clock Delay      (SCD):    5.323ns
    Clock Pessimism Removal (CPR):    0.391ns
  Clock Uncertainty:      0.035ns  ((TSJ^2 + TIJ^2)^1/2 + DJ) / 2 + PE
    Total System Jitter     (TSJ):    0.071ns
    Total Input Jitter      (TIJ):    0.000ns
    Discrete Jitter          (DJ):    0.000ns
    Phase Error              (PE):    0.000ns

    Location             Delay type                Incr(ns)  Path(ns)    Netlist Resource(s)
  -------------------------------------------------------------------    -------------------
                         (clock sys_clk_pin rise edge)
                                                      0.000     0.000 r  
    K17                                               0.000     0.000 r  sysclk (IN)
                         net (fo=0)                   0.000     0.000    sysclk
    K17                  IBUF (Prop_ibuf_I_O)         1.492     1.492 r  sysclk_IBUF_inst/O
                         net (fo=1, routed)           2.076     3.568    sysclk_IBUF
    BUFGCTRL_X0Y16       BUFG (Prop_bufg_I_O)         0.101     3.669 r  sysclk_IBUF_BUFG_inst/O
                         net (fo=36, routed)          1.654     5.323    inst_synch/sysclk
    SLICE_X26Y63         FDRE                                         r  inst_synch/ValueCounter5MHz_reg[4]/C
  -------------------------------------------------------------------    -------------------
    SLICE_X26Y63         FDRE (Prop_fdre_C_Q)         0.419     5.742 f  inst_synch/ValueCounter5MHz_reg[4]/Q
                         net (fo=3, routed)           0.886     6.628    inst_synch/ValueCounter5MHz_reg[4]
    SLICE_X26Y63         LUT5 (Prop_lut5_I0_O)        0.296     6.924 r  inst_synch/ValueCounter5MHz[4]_i_1/O
                         net (fo=13, routed)          1.527     8.451    inst_synch/eqOp
    SLICE_X29Y50         LUT6 (Prop_lut6_I3_O)        0.124     8.575 r  inst_synch/ValueCounter100Hz[0]_i_1/O
                         net (fo=24, routed)          0.828     9.402    inst_synch/ValueCounter100Hz
    SLICE_X28Y50         FDRE                                         r  inst_synch/ValueCounter100Hz_reg[15]/R
  -------------------------------------------------------------------    -------------------

                         (clock sys_clk_pin rise edge)
                                                      8.000     8.000 r  
    K17                                               0.000     8.000 r  sysclk (IN)
                         net (fo=0)                   0.000     8.000    sysclk
    K17                  IBUF (Prop_ibuf_I_O)         1.421     9.421 r  sysclk_IBUF_inst/O
                         net (fo=1, routed)           1.880    11.301    sysclk_IBUF
    BUFGCTRL_X0Y16       BUFG (Prop_bufg_I_O)         0.091    11.392 r  sysclk_IBUF_BUFG_inst/O
                         net (fo=36, routed)          1.487    12.879    inst_synch/sysclk
    SLICE_X28Y50         FDRE                                         r  inst_synch/ValueCounter100Hz_reg[15]/C
                         clock pessimism              0.391    13.270    
                         clock uncertainty           -0.035    13.234    
    SLICE_X28Y50         FDRE (Setup_fdre_C_R)       -0.524    12.710    inst_synch/ValueCounter100Hz_reg[15]
  -------------------------------------------------------------------
                         required time                         12.710    
                         arrival time                          -9.402    
  -------------------------------------------------------------------
                         slack                                  3.308    

Slack (MET) :             3.371ns  (required time - arrival time)
  Source:                 inst_synch/ValueCounter5MHz_reg[4]/C
                            (rising edge-triggered cell FDRE clocked by sys_clk_pin  {rise@0.000ns fall@4.000ns period=8.000ns})
  Destination:            inst_synch/ValueCounter100Hz_reg[0]/R
                            (rising edge-triggered cell FDRE clocked by sys_clk_pin  {rise@0.000ns fall@4.000ns period=8.000ns})
  Path Group:             sys_clk_pin
  Path Type:              Setup (Max at Slow Process Corner)
  Requirement:            8.000ns  (sys_clk_pin rise@8.000ns - sys_clk_pin rise@0.000ns)
  Data Path Delay:        3.919ns  (logic 0.839ns (21.409%)  route 3.080ns (78.591%))
  Logic Levels:           2  (LUT5=1 LUT6=1)
  Clock Path Skew:        -0.151ns (DCD - SCD + CPR)
    Destination Clock Delay (DCD):    4.896ns = ( 12.896 - 8.000 ) 
    Source Clock Delay      (SCD):    5.323ns
    Clock Pessimism Removal (CPR):    0.277ns
  Clock Uncertainty:      0.035ns  ((TSJ^2 + TIJ^2)^1/2 + DJ) / 2 + PE
    Total System Jitter     (TSJ):    0.071ns
    Total Input Jitter      (TIJ):    0.000ns
    Discrete Jitter          (DJ):    0.000ns
    Phase Error              (PE):    0.000ns

    Location             Delay type                Incr(ns)  Path(ns)    Netlist Resource(s)
  -------------------------------------------------------------------    -------------------
                         (clock sys_clk_pin rise edge)
                                                      0.000     0.000 r  
    K17                                               0.000     0.000 r  sysclk (IN)
                         net (fo=0)                   0.000     0.000    sysclk
    K17                  IBUF (Prop_ibuf_I_O)         1.492     1.492 r  sysclk_IBUF_inst/O
                         net (fo=1, routed)           2.076     3.568    sysclk_IBUF
    BUFGCTRL_X0Y16       BUFG (Prop_bufg_I_O)         0.101     3.669 r  sysclk_IBUF_BUFG_inst/O
                         net (fo=36, routed)          1.654     5.323    inst_synch/sysclk
    SLICE_X26Y63         FDRE                                         r  inst_synch/ValueCounter5MHz_reg[4]/C
  -------------------------------------------------------------------    -------------------
    SLICE_X26Y63         FDRE (Prop_fdre_C_Q)         0.419     5.742 f  inst_synch/ValueCounter5MHz_reg[4]/Q
                         net (fo=3, routed)           0.886     6.628    inst_synch/ValueCounter5MHz_reg[4]
    SLICE_X26Y63         LUT5 (Prop_lut5_I0_O)        0.296     6.924 r  inst_synch/ValueCounter5MHz[4]_i_1/O
                         net (fo=13, routed)          1.527     8.451    inst_synch/eqOp
    SLICE_X29Y50         LUT6 (Prop_lut6_I3_O)        0.124     8.575 r  inst_synch/ValueCounter100Hz[0]_i_1/O
                         net (fo=24, routed)          0.667     9.242    inst_synch/ValueCounter100Hz
    SLICE_X28Y47         FDRE                                         r  inst_synch/ValueCounter100Hz_reg[0]/R
  -------------------------------------------------------------------    -------------------

                         (clock sys_clk_pin rise edge)
                                                      8.000     8.000 r  
    K17                                               0.000     8.000 r  sysclk (IN)
                         net (fo=0)                   0.000     8.000    sysclk
    K17                  IBUF (Prop_ibuf_I_O)         1.421     9.421 r  sysclk_IBUF_inst/O
                         net (fo=1, routed)           1.880    11.301    sysclk_IBUF
    BUFGCTRL_X0Y16       BUFG (Prop_bufg_I_O)         0.091    11.392 r  sysclk_IBUF_BUFG_inst/O
                         net (fo=36, routed)          1.503    12.895    inst_synch/sysclk
    SLICE_X28Y47         FDRE                                         r  inst_synch/ValueCounter100Hz_reg[0]/C
                         clock pessimism              0.277    13.172    
                         clock uncertainty           -0.035    13.137    
    SLICE_X28Y47         FDRE (Setup_fdre_C_R)       -0.524    12.613    inst_synch/ValueCounter100Hz_reg[0]
  -------------------------------------------------------------------
                         required time                         12.613    
                         arrival time                          -9.242    
  -------------------------------------------------------------------
                         slack                                  3.371    

Slack (MET) :             3.371ns  (required time - arrival time)
  Source:                 inst_synch/ValueCounter5MHz_reg[4]/C
                            (rising edge-triggered cell FDRE clocked by sys_clk_pin  {rise@0.000ns fall@4.000ns period=8.000ns})
  Destination:            inst_synch/ValueCounter100Hz_reg[1]/R
                            (rising edge-triggered cell FDRE clocked by sys_clk_pin  {rise@0.000ns fall@4.000ns period=8.000ns})
  Path Group:             sys_clk_pin
  Path Type:              Setup (Max at Slow Process Corner)
  Requirement:            8.000ns  (sys_clk_pin rise@8.000ns - sys_clk_pin rise@0.000ns)
  Data Path Delay:        3.919ns  (logic 0.839ns (21.409%)  route 3.080ns (78.591%))
  Logic Levels:           2  (LUT5=1 LUT6=1)
  Clock Path Skew:        -0.151ns (DCD - SCD + CPR)
    Destination Clock Delay (DCD):    4.896ns = ( 12.896 - 8.000 ) 
    Source Clock Delay      (SCD):    5.323ns
    Clock Pessimism Removal (CPR):    0.277ns
  Clock Uncertainty:      0.035ns  ((TSJ^2 + TIJ^2)^1/2 + DJ) / 2 + PE
    Total System Jitter     (TSJ):    0.071ns
    Total Input Jitter      (TIJ):    0.000ns
    Discrete Jitter          (DJ):    0.000ns
    Phase Error              (PE):    0.000ns

    Location             Delay type                Incr(ns)  Path(ns)    Netlist Resource(s)
  -------------------------------------------------------------------    -------------------
                         (clock sys_clk_pin rise edge)
                                                      0.000     0.000 r  
    K17                                               0.000     0.000 r  sysclk (IN)
                         net (fo=0)                   0.000     0.000    sysclk
    K17                  IBUF (Prop_ibuf_I_O)         1.492     1.492 r  sysclk_IBUF_inst/O
                         net (fo=1, routed)           2.076     3.568    sysclk_IBUF
    BUFGCTRL_X0Y16       BUFG (Prop_bufg_I_O)         0.101     3.669 r  sysclk_IBUF_BUFG_inst/O
                         net (fo=36, routed)          1.654     5.323    inst_synch/sysclk
    SLICE_X26Y63         FDRE                                         r  inst_synch/ValueCounter5MHz_reg[4]/C
  -------------------------------------------------------------------    -------------------
    SLICE_X26Y63         FDRE (Prop_fdre_C_Q)         0.419     5.742 f  inst_synch/ValueCounter5MHz_reg[4]/Q
                         net (fo=3, routed)           0.886     6.628    inst_synch/ValueCounter5MHz_reg[4]
    SLICE_X26Y63         LUT5 (Prop_lut5_I0_O)        0.296     6.924 r  inst_synch/ValueCounter5MHz[4]_i_1/O
                         net (fo=13, routed)          1.527     8.451    inst_synch/eqOp
    SLICE_X29Y50         LUT6 (Prop_lut6_I3_O)        0.124     8.575 r  inst_synch/ValueCounter100Hz[0]_i_1/O
                         net (fo=24, routed)          0.667     9.242    inst_synch/ValueCounter100Hz
    SLICE_X28Y47         FDRE                                         r  inst_synch/ValueCounter100Hz_reg[1]/R
  -------------------------------------------------------------------    -------------------

                         (clock sys_clk_pin rise edge)
                                                      8.000     8.000 r  
    K17                                               0.000     8.000 r  sysclk (IN)
                         net (fo=0)                   0.000     8.000    sysclk
    K17                  IBUF (Prop_ibuf_I_O)         1.421     9.421 r  sysclk_IBUF_inst/O
                         net (fo=1, routed)           1.880    11.301    sysclk_IBUF
    BUFGCTRL_X0Y16       BUFG (Prop_bufg_I_O)         0.091    11.392 r  sysclk_IBUF_BUFG_inst/O
                         net (fo=36, routed)          1.503    12.895    inst_synch/sysclk
    SLICE_X28Y47         FDRE                                         r  inst_synch/ValueCounter100Hz_reg[1]/C
                         clock pessimism              0.277    13.172    
                         clock uncertainty           -0.035    13.137    
    SLICE_X28Y47         FDRE (Setup_fdre_C_R)       -0.524    12.613    inst_synch/ValueCounter100Hz_reg[1]
  -------------------------------------------------------------------
                         required time                         12.613    
                         arrival time                          -9.242    
  -------------------------------------------------------------------
                         slack                                  3.371    

Slack (MET) :             3.371ns  (required time - arrival time)
  Source:                 inst_synch/ValueCounter5MHz_reg[4]/C
                            (rising edge-triggered cell FDRE clocked by sys_clk_pin  {rise@0.000ns fall@4.000ns period=8.000ns})
  Destination:            inst_synch/ValueCounter100Hz_reg[2]/R
                            (rising edge-triggered cell FDRE clocked by sys_clk_pin  {rise@0.000ns fall@4.000ns period=8.000ns})
  Path Group:             sys_clk_pin
  Path Type:              Setup (Max at Slow Process Corner)
  Requirement:            8.000ns  (sys_clk_pin rise@8.000ns - sys_clk_pin rise@0.000ns)
  Data Path Delay:        3.919ns  (logic 0.839ns (21.409%)  route 3.080ns (78.591%))
  Logic Levels:           2  (LUT5=1 LUT6=1)
  Clock Path Skew:        -0.151ns (DCD - SCD + CPR)
    Destination Clock Delay (DCD):    4.896ns = ( 12.896 - 8.000 ) 
    Source Clock Delay      (SCD):    5.323ns
    Clock Pessimism Removal (CPR):    0.277ns
  Clock Uncertainty:      0.035ns  ((TSJ^2 + TIJ^2)^1/2 + DJ) / 2 + PE
    Total System Jitter     (TSJ):    0.071ns
    Total Input Jitter      (TIJ):    0.000ns
    Discrete Jitter          (DJ):    0.000ns
    Phase Error              (PE):    0.000ns

    Location             Delay type                Incr(ns)  Path(ns)    Netlist Resource(s)
  -------------------------------------------------------------------    -------------------
                         (clock sys_clk_pin rise edge)
                                                      0.000     0.000 r  
    K17                                               0.000     0.000 r  sysclk (IN)
                         net (fo=0)                   0.000     0.000    sysclk
    K17                  IBUF (Prop_ibuf_I_O)         1.492     1.492 r  sysclk_IBUF_inst/O
                         net (fo=1, routed)           2.076     3.568    sysclk_IBUF
    BUFGCTRL_X0Y16       BUFG (Prop_bufg_I_O)         0.101     3.669 r  sysclk_IBUF_BUFG_inst/O
                         net (fo=36, routed)          1.654     5.323    inst_synch/sysclk
    SLICE_X26Y63         FDRE                                         r  inst_synch/ValueCounter5MHz_reg[4]/C
  -------------------------------------------------------------------    -------------------
    SLICE_X26Y63         FDRE (Prop_fdre_C_Q)         0.419     5.742 f  inst_synch/ValueCounter5MHz_reg[4]/Q
                         net (fo=3, routed)           0.886     6.628    inst_synch/ValueCounter5MHz_reg[4]
    SLICE_X26Y63         LUT5 (Prop_lut5_I0_O)        0.296     6.924 r  inst_synch/ValueCounter5MHz[4]_i_1/O
                         net (fo=13, routed)          1.527     8.451    inst_synch/eqOp
    SLICE_X29Y50         LUT6 (Prop_lut6_I3_O)        0.124     8.575 r  inst_synch/ValueCounter100Hz[0]_i_1/O
                         net (fo=24, routed)          0.667     9.242    inst_synch/ValueCounter100Hz
    SLICE_X28Y47         FDRE                                         r  inst_synch/ValueCounter100Hz_reg[2]/R
  -------------------------------------------------------------------    -------------------

                         (clock sys_clk_pin rise edge)
                                                      8.000     8.000 r  
    K17                                               0.000     8.000 r  sysclk (IN)
                         net (fo=0)                   0.000     8.000    sysclk
    K17                  IBUF (Prop_ibuf_I_O)         1.421     9.421 r  sysclk_IBUF_inst/O
                         net (fo=1, routed)           1.880    11.301    sysclk_IBUF
    BUFGCTRL_X0Y16       BUFG (Prop_bufg_I_O)         0.091    11.392 r  sysclk_IBUF_BUFG_inst/O
                         net (fo=36, routed)          1.503    12.895    inst_synch/sysclk
    SLICE_X28Y47         FDRE                                         r  inst_synch/ValueCounter100Hz_reg[2]/C
                         clock pessimism              0.277    13.172    
                         clock uncertainty           -0.035    13.137    
    SLICE_X28Y47         FDRE (Setup_fdre_C_R)       -0.524    12.613    inst_synch/ValueCounter100Hz_reg[2]
  -------------------------------------------------------------------
                         required time                         12.613    
                         arrival time                          -9.242    
  -------------------------------------------------------------------
                         slack                                  3.371    

Slack (MET) :             3.371ns  (required time - arrival time)
  Source:                 inst_synch/ValueCounter5MHz_reg[4]/C
                            (rising edge-triggered cell FDRE clocked by sys_clk_pin  {rise@0.000ns fall@4.000ns period=8.000ns})
  Destination:            inst_synch/ValueCounter100Hz_reg[3]/R
                            (rising edge-triggered cell FDRE clocked by sys_clk_pin  {rise@0.000ns fall@4.000ns period=8.000ns})
  Path Group:             sys_clk_pin
  Path Type:              Setup (Max at Slow Process Corner)
  Requirement:            8.000ns  (sys_clk_pin rise@8.000ns - sys_clk_pin rise@0.000ns)
  Data Path Delay:        3.919ns  (logic 0.839ns (21.409%)  route 3.080ns (78.591%))
  Logic Levels:           2  (LUT5=1 LUT6=1)
  Clock Path Skew:        -0.151ns (DCD - SCD + CPR)
    Destination Clock Delay (DCD):    4.896ns = ( 12.896 - 8.000 ) 
    Source Clock Delay      (SCD):    5.323ns
    Clock Pessimism Removal (CPR):    0.277ns
  Clock Uncertainty:      0.035ns  ((TSJ^2 + TIJ^2)^1/2 + DJ) / 2 + PE
    Total System Jitter     (TSJ):    0.071ns
    Total Input Jitter      (TIJ):    0.000ns
    Discrete Jitter          (DJ):    0.000ns
    Phase Error              (PE):    0.000ns

    Location             Delay type                Incr(ns)  Path(ns)    Netlist Resource(s)
  -------------------------------------------------------------------    -------------------
                         (clock sys_clk_pin rise edge)
                                                      0.000     0.000 r  
    K17                                               0.000     0.000 r  sysclk (IN)
                         net (fo=0)                   0.000     0.000    sysclk
    K17                  IBUF (Prop_ibuf_I_O)         1.492     1.492 r  sysclk_IBUF_inst/O
                         net (fo=1, routed)           2.076     3.568    sysclk_IBUF
    BUFGCTRL_X0Y16       BUFG (Prop_bufg_I_O)         0.101     3.669 r  sysclk_IBUF_BUFG_inst/O
                         net (fo=36, routed)          1.654     5.323    inst_synch/sysclk
    SLICE_X26Y63         FDRE                                         r  inst_synch/ValueCounter5MHz_reg[4]/C
  -------------------------------------------------------------------    -------------------
    SLICE_X26Y63         FDRE (Prop_fdre_C_Q)         0.419     5.742 f  inst_synch/ValueCounter5MHz_reg[4]/Q
                         net (fo=3, routed)           0.886     6.628    inst_synch/ValueCounter5MHz_reg[4]
    SLICE_X26Y63         LUT5 (Prop_lut5_I0_O)        0.296     6.924 r  inst_synch/ValueCounter5MHz[4]_i_1/O
                         net (fo=13, routed)          1.527     8.451    inst_synch/eqOp
    SLICE_X29Y50         LUT6 (Prop_lut6_I3_O)        0.124     8.575 r  inst_synch/ValueCounter100Hz[0]_i_1/O
                         net (fo=24, routed)          0.667     9.242    inst_synch/ValueCounter100Hz
    SLICE_X28Y47         FDRE                                         r  inst_synch/ValueCounter100Hz_reg[3]/R
  -------------------------------------------------------------------    -------------------

                         (clock sys_clk_pin rise edge)
                                                      8.000     8.000 r  
    K17                                               0.000     8.000 r  sysclk (IN)
                         net (fo=0)                   0.000     8.000    sysclk
    K17                  IBUF (Prop_ibuf_I_O)         1.421     9.421 r  sysclk_IBUF_inst/O
                         net (fo=1, routed)           1.880    11.301    sysclk_IBUF
    BUFGCTRL_X0Y16       BUFG (Prop_bufg_I_O)         0.091    11.392 r  sysclk_IBUF_BUFG_inst/O
                         net (fo=36, routed)          1.503    12.895    inst_synch/sysclk
    SLICE_X28Y47         FDRE                                         r  inst_synch/ValueCounter100Hz_reg[3]/C
                         clock pessimism              0.277    13.172    
                         clock uncertainty           -0.035    13.137    
    SLICE_X28Y47         FDRE (Setup_fdre_C_R)       -0.524    12.613    inst_synch/ValueCounter100Hz_reg[3]
  -------------------------------------------------------------------
                         required time                         12.613    
                         arrival time                          -9.242    
  -------------------------------------------------------------------
                         slack                                  3.371    

Slack (MET) :             3.463ns  (required time - arrival time)
  Source:                 inst_synch/ValueCounter5MHz_reg[4]/C
                            (rising edge-triggered cell FDRE clocked by sys_clk_pin  {rise@0.000ns fall@4.000ns period=8.000ns})
  Destination:            inst_synch/ValueCounter100Hz_reg[4]/R
                            (rising edge-triggered cell FDRE clocked by sys_clk_pin  {rise@0.000ns fall@4.000ns period=8.000ns})
  Path Group:             sys_clk_pin
  Path Type:              Setup (Max at Slow Process Corner)
  Requirement:            8.000ns  (sys_clk_pin rise@8.000ns - sys_clk_pin rise@0.000ns)
  Data Path Delay:        3.827ns  (logic 0.839ns (21.924%)  route 2.988ns (78.076%))
  Logic Levels:           2  (LUT5=1 LUT6=1)
  Clock Path Skew:        -0.151ns (DCD - SCD + CPR)
    Destination Clock Delay (DCD):    4.896ns = ( 12.896 - 8.000 ) 
    Source Clock Delay      (SCD):    5.323ns
    Clock Pessimism Removal (CPR):    0.277ns
  Clock Uncertainty:      0.035ns  ((TSJ^2 + TIJ^2)^1/2 + DJ) / 2 + PE
    Total System Jitter     (TSJ):    0.071ns
    Total Input Jitter      (TIJ):    0.000ns
    Discrete Jitter          (DJ):    0.000ns
    Phase Error              (PE):    0.000ns

    Location             Delay type                Incr(ns)  Path(ns)    Netlist Resource(s)
  -------------------------------------------------------------------    -------------------
                         (clock sys_clk_pin rise edge)
                                                      0.000     0.000 r  
    K17                                               0.000     0.000 r  sysclk (IN)
                         net (fo=0)                   0.000     0.000    sysclk
    K17                  IBUF (Prop_ibuf_I_O)         1.492     1.492 r  sysclk_IBUF_inst/O
                         net (fo=1, routed)           2.076     3.568    sysclk_IBUF
    BUFGCTRL_X0Y16       BUFG (Prop_bufg_I_O)         0.101     3.669 r  sysclk_IBUF_BUFG_inst/O
                         net (fo=36, routed)          1.654     5.323    inst_synch/sysclk
    SLICE_X26Y63         FDRE                                         r  inst_synch/ValueCounter5MHz_reg[4]/C
  -------------------------------------------------------------------    -------------------
    SLICE_X26Y63         FDRE (Prop_fdre_C_Q)         0.419     5.742 f  inst_synch/ValueCounter5MHz_reg[4]/Q
                         net (fo=3, routed)           0.886     6.628    inst_synch/ValueCounter5MHz_reg[4]
    SLICE_X26Y63         LUT5 (Prop_lut5_I0_O)        0.296     6.924 r  inst_synch/ValueCounter5MHz[4]_i_1/O
                         net (fo=13, routed)          1.527     8.451    inst_synch/eqOp
    SLICE_X29Y50         LUT6 (Prop_lut6_I3_O)        0.124     8.575 r  inst_synch/ValueCounter100Hz[0]_i_1/O
                         net (fo=24, routed)          0.575     9.150    inst_synch/ValueCounter100Hz
    SLICE_X28Y48         FDRE                                         r  inst_synch/ValueCounter100Hz_reg[4]/R
  -------------------------------------------------------------------    -------------------

                         (clock sys_clk_pin rise edge)
                                                      8.000     8.000 r  
    K17                                               0.000     8.000 r  sysclk (IN)
                         net (fo=0)                   0.000     8.000    sysclk
    K17                  IBUF (Prop_ibuf_I_O)         1.421     9.421 r  sysclk_IBUF_inst/O
                         net (fo=1, routed)           1.880    11.301    sysclk_IBUF
    BUFGCTRL_X0Y16       BUFG (Prop_bufg_I_O)         0.091    11.392 r  sysclk_IBUF_BUFG_inst/O
                         net (fo=36, routed)          1.503    12.895    inst_synch/sysclk
    SLICE_X28Y48         FDRE                                         r  inst_synch/ValueCounter100Hz_reg[4]/C
                         clock pessimism              0.277    13.172    
                         clock uncertainty           -0.035    13.137    
    SLICE_X28Y48         FDRE (Setup_fdre_C_R)       -0.524    12.613    inst_synch/ValueCounter100Hz_reg[4]
  -------------------------------------------------------------------
                         required time                         12.613    
                         arrival time                          -9.150    
  -------------------------------------------------------------------
                         slack                                  3.463    

Slack (MET) :             3.463ns  (required time - arrival time)
  Source:                 inst_synch/ValueCounter5MHz_reg[4]/C
                            (rising edge-triggered cell FDRE clocked by sys_clk_pin  {rise@0.000ns fall@4.000ns period=8.000ns})
  Destination:            inst_synch/ValueCounter100Hz_reg[5]/R
                            (rising edge-triggered cell FDRE clocked by sys_clk_pin  {rise@0.000ns fall@4.000ns period=8.000ns})
  Path Group:             sys_clk_pin
  Path Type:              Setup (Max at Slow Process Corner)
  Requirement:            8.000ns  (sys_clk_pin rise@8.000ns - sys_clk_pin rise@0.000ns)
  Data Path Delay:        3.827ns  (logic 0.839ns (21.924%)  route 2.988ns (78.076%))
  Logic Levels:           2  (LUT5=1 LUT6=1)
  Clock Path Skew:        -0.151ns (DCD - SCD + CPR)
    Destination Clock Delay (DCD):    4.896ns = ( 12.896 - 8.000 ) 
    Source Clock Delay      (SCD):    5.323ns
    Clock Pessimism Removal (CPR):    0.277ns
  Clock Uncertainty:      0.035ns  ((TSJ^2 + TIJ^2)^1/2 + DJ) / 2 + PE
    Total System Jitter     (TSJ):    0.071ns
    Total Input Jitter      (TIJ):    0.000ns
    Discrete Jitter          (DJ):    0.000ns
    Phase Error              (PE):    0.000ns

    Location             Delay type                Incr(ns)  Path(ns)    Netlist Resource(s)
  -------------------------------------------------------------------    -------------------
                         (clock sys_clk_pin rise edge)
                                                      0.000     0.000 r  
    K17                                               0.000     0.000 r  sysclk (IN)
                         net (fo=0)                   0.000     0.000    sysclk
    K17                  IBUF (Prop_ibuf_I_O)         1.492     1.492 r  sysclk_IBUF_inst/O
                         net (fo=1, routed)           2.076     3.568    sysclk_IBUF
    BUFGCTRL_X0Y16       BUFG (Prop_bufg_I_O)         0.101     3.669 r  sysclk_IBUF_BUFG_inst/O
                         net (fo=36, routed)          1.654     5.323    inst_synch/sysclk
    SLICE_X26Y63         FDRE                                         r  inst_synch/ValueCounter5MHz_reg[4]/C
  -------------------------------------------------------------------    -------------------
    SLICE_X26Y63         FDRE (Prop_fdre_C_Q)         0.419     5.742 f  inst_synch/ValueCounter5MHz_reg[4]/Q
                         net (fo=3, routed)           0.886     6.628    inst_synch/ValueCounter5MHz_reg[4]
    SLICE_X26Y63         LUT5 (Prop_lut5_I0_O)        0.296     6.924 r  inst_synch/ValueCounter5MHz[4]_i_1/O
                         net (fo=13, routed)          1.527     8.451    inst_synch/eqOp
    SLICE_X29Y50         LUT6 (Prop_lut6_I3_O)        0.124     8.575 r  inst_synch/ValueCounter100Hz[0]_i_1/O
                         net (fo=24, routed)          0.575     9.150    inst_synch/ValueCounter100Hz
    SLICE_X28Y48         FDRE                                         r  inst_synch/ValueCounter100Hz_reg[5]/R
  -------------------------------------------------------------------    -------------------

                         (clock sys_clk_pin rise edge)
                                                      8.000     8.000 r  
    K17                                               0.000     8.000 r  sysclk (IN)
                         net (fo=0)                   0.000     8.000    sysclk
    K17                  IBUF (Prop_ibuf_I_O)         1.421     9.421 r  sysclk_IBUF_inst/O
                         net (fo=1, routed)           1.880    11.301    sysclk_IBUF
    BUFGCTRL_X0Y16       BUFG (Prop_bufg_I_O)         0.091    11.392 r  sysclk_IBUF_BUFG_inst/O
                         net (fo=36, routed)          1.503    12.895    inst_synch/sysclk
    SLICE_X28Y48         FDRE                                         r  inst_synch/ValueCounter100Hz_reg[5]/C
                         clock pessimism              0.277    13.172    
                         clock uncertainty           -0.035    13.137    
    SLICE_X28Y48         FDRE (Setup_fdre_C_R)       -0.524    12.613    inst_synch/ValueCounter100Hz_reg[5]
  -------------------------------------------------------------------
                         required time                         12.613    
                         arrival time                          -9.150    
  -------------------------------------------------------------------
                         slack                                  3.463    





Min Delay Paths
--------------------------------------------------------------------------------------
Slack (MET) :             0.102ns  (arrival time - required time)
  Source:                 inst_synch/ValueCounter100Hz_reg[10]/C
                            (rising edge-triggered cell FDRE clocked by sys_clk_pin  {rise@0.000ns fall@4.000ns period=8.000ns})
  Destination:            inst_synch/ValueCounter100Hz_reg[12]/D
                            (rising edge-triggered cell FDRE clocked by sys_clk_pin  {rise@0.000ns fall@4.000ns period=8.000ns})
  Path Group:             sys_clk_pin
  Path Type:              Hold (Min at Fast Process Corner)
  Requirement:            0.000ns  (sys_clk_pin rise@0.000ns - sys_clk_pin rise@0.000ns)
  Data Path Delay:        0.500ns  (logic 0.373ns (74.667%)  route 0.127ns (25.333%))
  Logic Levels:           2  (CARRY4=2)
  Clock Path Skew:        0.263ns (DCD - SCD - CPR)
    Destination Clock Delay (DCD):    1.988ns
    Source Clock Delay      (SCD):    1.478ns
    Clock Pessimism Removal (CPR):    0.247ns

    Location             Delay type                Incr(ns)  Path(ns)    Netlist Resource(s)
  -------------------------------------------------------------------    -------------------
                         (clock sys_clk_pin rise edge)
                                                      0.000     0.000 r  
    K17                                               0.000     0.000 r  sysclk (IN)
                         net (fo=0)                   0.000     0.000    sysclk
    K17                  IBUF (Prop_ibuf_I_O)         0.259     0.259 r  sysclk_IBUF_inst/O
                         net (fo=1, routed)           0.627     0.887    sysclk_IBUF
    BUFGCTRL_X0Y16       BUFG (Prop_bufg_I_O)         0.026     0.913 r  sysclk_IBUF_BUFG_inst/O
                         net (fo=36, routed)          0.566     1.478    inst_synch/sysclk
    SLICE_X28Y49         FDRE                                         r  inst_synch/ValueCounter100Hz_reg[10]/C
  -------------------------------------------------------------------    -------------------
    SLICE_X28Y49         FDRE (Prop_fdre_C_Q)         0.164     1.642 r  inst_synch/ValueCounter100Hz_reg[10]/Q
                         net (fo=2, routed)           0.126     1.768    inst_synch/ValueCounter100Hz_reg[10]
    SLICE_X28Y49         CARRY4 (Prop_carry4_S[2]_CO[3])
                                                      0.156     1.924 r  inst_synch/ValueCounter100Hz_reg[8]_i_1/CO[3]
                         net (fo=1, routed)           0.001     1.925    inst_synch/ValueCounter100Hz_reg[8]_i_1_n_0
    SLICE_X28Y50         CARRY4 (Prop_carry4_CI_O[0])
                                                      0.053     1.978 r  inst_synch/ValueCounter100Hz_reg[12]_i_1/O[0]
                         net (fo=1, routed)           0.000     1.978    inst_synch/ValueCounter100Hz_reg[12]_i_1_n_7
    SLICE_X28Y50         FDRE                                         r  inst_synch/ValueCounter100Hz_reg[12]/D
  -------------------------------------------------------------------    -------------------

                         (clock sys_clk_pin rise edge)
                                                      0.000     0.000 r  
    K17                                               0.000     0.000 r  sysclk (IN)
                         net (fo=0)                   0.000     0.000    sysclk
    K17                  IBUF (Prop_ibuf_I_O)         0.447     0.447 r  sysclk_IBUF_inst/O
                         net (fo=1, routed)           0.683     1.130    sysclk_IBUF
    BUFGCTRL_X0Y16       BUFG (Prop_bufg_I_O)         0.029     1.159 r  sysclk_IBUF_BUFG_inst/O
                         net (fo=36, routed)          0.829     1.988    inst_synch/sysclk
    SLICE_X28Y50         FDRE                                         r  inst_synch/ValueCounter100Hz_reg[12]/C
                         clock pessimism             -0.247     1.742    
    SLICE_X28Y50         FDRE (Hold_fdre_C_D)         0.134     1.876    inst_synch/ValueCounter100Hz_reg[12]
  -------------------------------------------------------------------
                         required time                         -1.876    
                         arrival time                           1.978    
  -------------------------------------------------------------------
                         slack                                  0.102    

Slack (MET) :             0.115ns  (arrival time - required time)
  Source:                 inst_synch/ValueCounter100Hz_reg[10]/C
                            (rising edge-triggered cell FDRE clocked by sys_clk_pin  {rise@0.000ns fall@4.000ns period=8.000ns})
  Destination:            inst_synch/ValueCounter100Hz_reg[14]/D
                            (rising edge-triggered cell FDRE clocked by sys_clk_pin  {rise@0.000ns fall@4.000ns period=8.000ns})
  Path Group:             sys_clk_pin
  Path Type:              Hold (Min at Fast Process Corner)
  Requirement:            0.000ns  (sys_clk_pin rise@0.000ns - sys_clk_pin rise@0.000ns)
  Data Path Delay:        0.513ns  (logic 0.386ns (75.309%)  route 0.127ns (24.691%))
  Logic Levels:           2  (CARRY4=2)
  Clock Path Skew:        0.263ns (DCD - SCD - CPR)
    Destination Clock Delay (DCD):    1.988ns
    Source Clock Delay      (SCD):    1.478ns
    Clock Pessimism Removal (CPR):    0.247ns

    Location             Delay type                Incr(ns)  Path(ns)    Netlist Resource(s)
  -------------------------------------------------------------------    -------------------
                         (clock sys_clk_pin rise edge)
                                                      0.000     0.000 r  
    K17                                               0.000     0.000 r  sysclk (IN)
                         net (fo=0)                   0.000     0.000    sysclk
    K17                  IBUF (Prop_ibuf_I_O)         0.259     0.259 r  sysclk_IBUF_inst/O
                         net (fo=1, routed)           0.627     0.887    sysclk_IBUF
    BUFGCTRL_X0Y16       BUFG (Prop_bufg_I_O)         0.026     0.913 r  sysclk_IBUF_BUFG_inst/O
                         net (fo=36, routed)          0.566     1.478    inst_synch/sysclk
    SLICE_X28Y49         FDRE                                         r  inst_synch/ValueCounter100Hz_reg[10]/C
  -------------------------------------------------------------------    -------------------
    SLICE_X28Y49         FDRE (Prop_fdre_C_Q)         0.164     1.642 r  inst_synch/ValueCounter100Hz_reg[10]/Q
                         net (fo=2, routed)           0.126     1.768    inst_synch/ValueCounter100Hz_reg[10]
    SLICE_X28Y49         CARRY4 (Prop_carry4_S[2]_CO[3])
                                                      0.156     1.924 r  inst_synch/ValueCounter100Hz_reg[8]_i_1/CO[3]
                         net (fo=1, routed)           0.001     1.925    inst_synch/ValueCounter100Hz_reg[8]_i_1_n_0
    SLICE_X28Y50         CARRY4 (Prop_carry4_CI_O[2])
                                                      0.066     1.991 r  inst_synch/ValueCounter100Hz_reg[12]_i_1/O[2]
                         net (fo=1, routed)           0.000     1.991    inst_synch/ValueCounter100Hz_reg[12]_i_1_n_5
    SLICE_X28Y50         FDRE                                         r  inst_synch/ValueCounter100Hz_reg[14]/D
  -------------------------------------------------------------------    -------------------

                         (clock sys_clk_pin rise edge)
                                                      0.000     0.000 r  
    K17                                               0.000     0.000 r  sysclk (IN)
                         net (fo=0)                   0.000     0.000    sysclk
    K17                  IBUF (Prop_ibuf_I_O)         0.447     0.447 r  sysclk_IBUF_inst/O
                         net (fo=1, routed)           0.683     1.130    sysclk_IBUF
    BUFGCTRL_X0Y16       BUFG (Prop_bufg_I_O)         0.029     1.159 r  sysclk_IBUF_BUFG_inst/O
                         net (fo=36, routed)          0.829     1.988    inst_synch/sysclk
    SLICE_X28Y50         FDRE                                         r  inst_synch/ValueCounter100Hz_reg[14]/C
                         clock pessimism             -0.247     1.742    
    SLICE_X28Y50         FDRE (Hold_fdre_C_D)         0.134     1.876    inst_synch/ValueCounter100Hz_reg[14]
  -------------------------------------------------------------------
                         required time                         -1.876    
                         arrival time                           1.991    
  -------------------------------------------------------------------
                         slack                                  0.115    

Slack (MET) :             0.138ns  (arrival time - required time)
  Source:                 inst_synch/ValueCounter100Hz_reg[10]/C
                            (rising edge-triggered cell FDRE clocked by sys_clk_pin  {rise@0.000ns fall@4.000ns period=8.000ns})
  Destination:            inst_synch/ValueCounter100Hz_reg[13]/D
                            (rising edge-triggered cell FDRE clocked by sys_clk_pin  {rise@0.000ns fall@4.000ns period=8.000ns})
  Path Group:             sys_clk_pin
  Path Type:              Hold (Min at Fast Process Corner)
  Requirement:            0.000ns  (sys_clk_pin rise@0.000ns - sys_clk_pin rise@0.000ns)
  Data Path Delay:        0.536ns  (logic 0.409ns (76.369%)  route 0.127ns (23.631%))
  Logic Levels:           2  (CARRY4=2)
  Clock Path Skew:        0.263ns (DCD - SCD - CPR)
    Destination Clock Delay (DCD):    1.988ns
    Source Clock Delay      (SCD):    1.478ns
    Clock Pessimism Removal (CPR):    0.247ns

    Location             Delay type                Incr(ns)  Path(ns)    Netlist Resource(s)
  -------------------------------------------------------------------    -------------------
                         (clock sys_clk_pin rise edge)
                                                      0.000     0.000 r  
    K17                                               0.000     0.000 r  sysclk (IN)
                         net (fo=0)                   0.000     0.000    sysclk
    K17                  IBUF (Prop_ibuf_I_O)         0.259     0.259 r  sysclk_IBUF_inst/O
                         net (fo=1, routed)           0.627     0.887    sysclk_IBUF
    BUFGCTRL_X0Y16       BUFG (Prop_bufg_I_O)         0.026     0.913 r  sysclk_IBUF_BUFG_inst/O
                         net (fo=36, routed)          0.566     1.478    inst_synch/sysclk
    SLICE_X28Y49         FDRE                                         r  inst_synch/ValueCounter100Hz_reg[10]/C
  -------------------------------------------------------------------    -------------------
    SLICE_X28Y49         FDRE (Prop_fdre_C_Q)         0.164     1.642 r  inst_synch/ValueCounter100Hz_reg[10]/Q
                         net (fo=2, routed)           0.126     1.768    inst_synch/ValueCounter100Hz_reg[10]
    SLICE_X28Y49         CARRY4 (Prop_carry4_S[2]_CO[3])
                                                      0.156     1.924 r  inst_synch/ValueCounter100Hz_reg[8]_i_1/CO[3]
                         net (fo=1, routed)           0.001     1.925    inst_synch/ValueCounter100Hz_reg[8]_i_1_n_0
    SLICE_X28Y50         CARRY4 (Prop_carry4_CI_O[1])
                                                      0.089     2.014 r  inst_synch/ValueCounter100Hz_reg[12]_i_1/O[1]
                         net (fo=1, routed)           0.000     2.014    inst_synch/ValueCounter100Hz_reg[12]_i_1_n_6
    SLICE_X28Y50         FDRE                                         r  inst_synch/ValueCounter100Hz_reg[13]/D
  -------------------------------------------------------------------    -------------------

                         (clock sys_clk_pin rise edge)
                                                      0.000     0.000 r  
    K17                                               0.000     0.000 r  sysclk (IN)
                         net (fo=0)                   0.000     0.000    sysclk
    K17                  IBUF (Prop_ibuf_I_O)         0.447     0.447 r  sysclk_IBUF_inst/O
                         net (fo=1, routed)           0.683     1.130    sysclk_IBUF
    BUFGCTRL_X0Y16       BUFG (Prop_bufg_I_O)         0.029     1.159 r  sysclk_IBUF_BUFG_inst/O
                         net (fo=36, routed)          0.829     1.988    inst_synch/sysclk
    SLICE_X28Y50         FDRE                                         r  inst_synch/ValueCounter100Hz_reg[13]/C
                         clock pessimism             -0.247     1.742    
    SLICE_X28Y50         FDRE (Hold_fdre_C_D)         0.134     1.876    inst_synch/ValueCounter100Hz_reg[13]
  -------------------------------------------------------------------
                         required time                         -1.876    
                         arrival time                           2.014    
  -------------------------------------------------------------------
                         slack                                  0.138    

Slack (MET) :             0.140ns  (arrival time - required time)
  Source:                 inst_synch/ValueCounter100Hz_reg[10]/C
                            (rising edge-triggered cell FDRE clocked by sys_clk_pin  {rise@0.000ns fall@4.000ns period=8.000ns})
  Destination:            inst_synch/ValueCounter100Hz_reg[15]/D
                            (rising edge-triggered cell FDRE clocked by sys_clk_pin  {rise@0.000ns fall@4.000ns period=8.000ns})
  Path Group:             sys_clk_pin
  Path Type:              Hold (Min at Fast Process Corner)
  Requirement:            0.000ns  (sys_clk_pin rise@0.000ns - sys_clk_pin rise@0.000ns)
  Data Path Delay:        0.538ns  (logic 0.411ns (76.457%)  route 0.127ns (23.543%))
  Logic Levels:           2  (CARRY4=2)
  Clock Path Skew:        0.263ns (DCD - SCD - CPR)
    Destination Clock Delay (DCD):    1.988ns
    Source Clock Delay      (SCD):    1.478ns
    Clock Pessimism Removal (CPR):    0.247ns

    Location             Delay type                Incr(ns)  Path(ns)    Netlist Resource(s)
  -------------------------------------------------------------------    -------------------
                         (clock sys_clk_pin rise edge)
                                                      0.000     0.000 r  
    K17                                               0.000     0.000 r  sysclk (IN)
                         net (fo=0)                   0.000     0.000    sysclk
    K17                  IBUF (Prop_ibuf_I_O)         0.259     0.259 r  sysclk_IBUF_inst/O
                         net (fo=1, routed)           0.627     0.887    sysclk_IBUF
    BUFGCTRL_X0Y16       BUFG (Prop_bufg_I_O)         0.026     0.913 r  sysclk_IBUF_BUFG_inst/O
                         net (fo=36, routed)          0.566     1.478    inst_synch/sysclk
    SLICE_X28Y49         FDRE                                         r  inst_synch/ValueCounter100Hz_reg[10]/C
  -------------------------------------------------------------------    -------------------
    SLICE_X28Y49         FDRE (Prop_fdre_C_Q)         0.164     1.642 r  inst_synch/ValueCounter100Hz_reg[10]/Q
                         net (fo=2, routed)           0.126     1.768    inst_synch/ValueCounter100Hz_reg[10]
    SLICE_X28Y49         CARRY4 (Prop_carry4_S[2]_CO[3])
                                                      0.156     1.924 r  inst_synch/ValueCounter100Hz_reg[8]_i_1/CO[3]
                         net (fo=1, routed)           0.001     1.925    inst_synch/ValueCounter100Hz_reg[8]_i_1_n_0
    SLICE_X28Y50         CARRY4 (Prop_carry4_CI_O[3])
                                                      0.091     2.016 r  inst_synch/ValueCounter100Hz_reg[12]_i_1/O[3]
                         net (fo=1, routed)           0.000     2.016    inst_synch/ValueCounter100Hz_reg[12]_i_1_n_4
    SLICE_X28Y50         FDRE                                         r  inst_synch/ValueCounter100Hz_reg[15]/D
  -------------------------------------------------------------------    -------------------

                         (clock sys_clk_pin rise edge)
                                                      0.000     0.000 r  
    K17                                               0.000     0.000 r  sysclk (IN)
                         net (fo=0)                   0.000     0.000    sysclk
    K17                  IBUF (Prop_ibuf_I_O)         0.447     0.447 r  sysclk_IBUF_inst/O
                         net (fo=1, routed)           0.683     1.130    sysclk_IBUF
    BUFGCTRL_X0Y16       BUFG (Prop_bufg_I_O)         0.029     1.159 r  sysclk_IBUF_BUFG_inst/O
                         net (fo=36, routed)          0.829     1.988    inst_synch/sysclk
    SLICE_X28Y50         FDRE                                         r  inst_synch/ValueCounter100Hz_reg[15]/C
                         clock pessimism             -0.247     1.742    
    SLICE_X28Y50         FDRE (Hold_fdre_C_D)         0.134     1.876    inst_synch/ValueCounter100Hz_reg[15]
  -------------------------------------------------------------------
                         required time                         -1.876    
                         arrival time                           2.016    
  -------------------------------------------------------------------
                         slack                                  0.140    

Slack (MET) :             0.155ns  (arrival time - required time)
  Source:                 inst_synch/ValueCounter1Hz_reg[1]/C
                            (rising edge-triggered cell FDRE clocked by sys_clk_pin  {rise@0.000ns fall@4.000ns period=8.000ns})
  Destination:            inst_synch/ValueCounter1Hz_reg[5]/D
                            (rising edge-triggered cell FDRE clocked by sys_clk_pin  {rise@0.000ns fall@4.000ns period=8.000ns})
  Path Group:             sys_clk_pin
  Path Type:              Hold (Min at Fast Process Corner)
  Requirement:            0.000ns  (sys_clk_pin rise@0.000ns - sys_clk_pin rise@0.000ns)
  Data Path Delay:        0.289ns  (logic 0.186ns (64.307%)  route 0.103ns (35.693%))
  Logic Levels:           1  (LUT6=1)
  Clock Path Skew:        0.013ns (DCD - SCD - CPR)
    Destination Clock Delay (DCD):    1.988ns
    Source Clock Delay      (SCD):    1.472ns
    Clock Pessimism Removal (CPR):    0.503ns

    Location             Delay type                Incr(ns)  Path(ns)    Netlist Resource(s)
  -------------------------------------------------------------------    -------------------
                         (clock sys_clk_pin rise edge)
                                                      0.000     0.000 r  
    K17                                               0.000     0.000 r  sysclk (IN)
                         net (fo=0)                   0.000     0.000    sysclk
    K17                  IBUF (Prop_ibuf_I_O)         0.259     0.259 r  sysclk_IBUF_inst/O
                         net (fo=1, routed)           0.627     0.887    sysclk_IBUF
    BUFGCTRL_X0Y16       BUFG (Prop_bufg_I_O)         0.026     0.913 r  sysclk_IBUF_BUFG_inst/O
                         net (fo=36, routed)          0.560     1.472    inst_synch/sysclk
    SLICE_X31Y50         FDRE                                         r  inst_synch/ValueCounter1Hz_reg[1]/C
  -------------------------------------------------------------------    -------------------
    SLICE_X31Y50         FDRE (Prop_fdre_C_Q)         0.141     1.613 r  inst_synch/ValueCounter1Hz_reg[1]/Q
                         net (fo=7, routed)           0.103     1.717    inst_synch/ValueCounter1Hz_reg[1]
    SLICE_X30Y50         LUT6 (Prop_lut6_I3_O)        0.045     1.762 r  inst_synch/ValueCounter1Hz[5]_i_1/O
                         net (fo=1, routed)           0.000     1.762    inst_synch/p_0_in__0[5]
    SLICE_X30Y50         FDRE                                         r  inst_synch/ValueCounter1Hz_reg[5]/D
  -------------------------------------------------------------------    -------------------

                         (clock sys_clk_pin rise edge)
                                                      0.000     0.000 r  
    K17                                               0.000     0.000 r  sysclk (IN)
                         net (fo=0)                   0.000     0.000    sysclk
    K17                  IBUF (Prop_ibuf_I_O)         0.447     0.447 r  sysclk_IBUF_inst/O
                         net (fo=1, routed)           0.683     1.130    sysclk_IBUF
    BUFGCTRL_X0Y16       BUFG (Prop_bufg_I_O)         0.029     1.159 r  sysclk_IBUF_BUFG_inst/O
                         net (fo=36, routed)          0.829     1.988    inst_synch/sysclk
    SLICE_X30Y50         FDRE                                         r  inst_synch/ValueCounter1Hz_reg[5]/C
                         clock pessimism             -0.503     1.485    
    SLICE_X30Y50         FDRE (Hold_fdre_C_D)         0.121     1.606    inst_synch/ValueCounter1Hz_reg[5]
  -------------------------------------------------------------------
                         required time                         -1.606    
                         arrival time                           1.762    
  -------------------------------------------------------------------
                         slack                                  0.155    

Slack (MET) :             0.205ns  (arrival time - required time)
  Source:                 inst_synch/ValueCounter1Hz_reg[4]/C
                            (rising edge-triggered cell FDRE clocked by sys_clk_pin  {rise@0.000ns fall@4.000ns period=8.000ns})
  Destination:            inst_synch/ValueCounter1Hz_reg[7]/D
                            (rising edge-triggered cell FDRE clocked by sys_clk_pin  {rise@0.000ns fall@4.000ns period=8.000ns})
  Path Group:             sys_clk_pin
  Path Type:              Hold (Min at Fast Process Corner)
  Requirement:            0.000ns  (sys_clk_pin rise@0.000ns - sys_clk_pin rise@0.000ns)
  Data Path Delay:        0.349ns  (logic 0.187ns (53.565%)  route 0.162ns (46.435%))
  Logic Levels:           1  (LUT5=1)
  Clock Path Skew:        0.013ns (DCD - SCD - CPR)
    Destination Clock Delay (DCD):    1.988ns
    Source Clock Delay      (SCD):    1.472ns
    Clock Pessimism Removal (CPR):    0.503ns

    Location             Delay type                Incr(ns)  Path(ns)    Netlist Resource(s)
  -------------------------------------------------------------------    -------------------
                         (clock sys_clk_pin rise edge)
                                                      0.000     0.000 r  
    K17                                               0.000     0.000 r  sysclk (IN)
                         net (fo=0)                   0.000     0.000    sysclk
    K17                  IBUF (Prop_ibuf_I_O)         0.259     0.259 r  sysclk_IBUF_inst/O
                         net (fo=1, routed)           0.627     0.887    sysclk_IBUF
    BUFGCTRL_X0Y16       BUFG (Prop_bufg_I_O)         0.026     0.913 r  sysclk_IBUF_BUFG_inst/O
                         net (fo=36, routed)          0.560     1.472    inst_synch/sysclk
    SLICE_X31Y50         FDRE                                         r  inst_synch/ValueCounter1Hz_reg[4]/C
  -------------------------------------------------------------------    -------------------
    SLICE_X31Y50         FDRE (Prop_fdre_C_Q)         0.141     1.613 r  inst_synch/ValueCounter1Hz_reg[4]/Q
                         net (fo=5, routed)           0.162     1.775    inst_synch/ValueCounter1Hz_reg[4]
    SLICE_X30Y50         LUT5 (Prop_lut5_I3_O)        0.046     1.821 r  inst_synch/ValueCounter1Hz[7]_i_2/O
                         net (fo=1, routed)           0.000     1.821    inst_synch/p_0_in__0[7]
    SLICE_X30Y50         FDRE                                         r  inst_synch/ValueCounter1Hz_reg[7]/D
  -------------------------------------------------------------------    -------------------

                         (clock sys_clk_pin rise edge)
                                                      0.000     0.000 r  
    K17                                               0.000     0.000 r  sysclk (IN)
                         net (fo=0)                   0.000     0.000    sysclk
    K17                  IBUF (Prop_ibuf_I_O)         0.447     0.447 r  sysclk_IBUF_inst/O
                         net (fo=1, routed)           0.683     1.130    sysclk_IBUF
    BUFGCTRL_X0Y16       BUFG (Prop_bufg_I_O)         0.029     1.159 r  sysclk_IBUF_BUFG_inst/O
                         net (fo=36, routed)          0.829     1.988    inst_synch/sysclk
    SLICE_X30Y50         FDRE                                         r  inst_synch/ValueCounter1Hz_reg[7]/C
                         clock pessimism             -0.503     1.485    
    SLICE_X30Y50         FDRE (Hold_fdre_C_D)         0.131     1.616    inst_synch/ValueCounter1Hz_reg[7]
  -------------------------------------------------------------------
                         required time                         -1.616    
                         arrival time                           1.821    
  -------------------------------------------------------------------
                         slack                                  0.205    

Slack (MET) :             0.215ns  (arrival time - required time)
  Source:                 inst_synch/ValueCounter1Hz_reg[4]/C
                            (rising edge-triggered cell FDRE clocked by sys_clk_pin  {rise@0.000ns fall@4.000ns period=8.000ns})
  Destination:            inst_synch/ValueCounter1Hz_reg[6]/D
                            (rising edge-triggered cell FDRE clocked by sys_clk_pin  {rise@0.000ns fall@4.000ns period=8.000ns})
  Path Group:             sys_clk_pin
  Path Type:              Hold (Min at Fast Process Corner)
  Requirement:            0.000ns  (sys_clk_pin rise@0.000ns - sys_clk_pin rise@0.000ns)
  Data Path Delay:        0.348ns  (logic 0.186ns (53.432%)  route 0.162ns (46.568%))
  Logic Levels:           1  (LUT4=1)
  Clock Path Skew:        0.013ns (DCD - SCD - CPR)
    Destination Clock Delay (DCD):    1.988ns
    Source Clock Delay      (SCD):    1.472ns
    Clock Pessimism Removal (CPR):    0.503ns

    Location             Delay type                Incr(ns)  Path(ns)    Netlist Resource(s)
  -------------------------------------------------------------------    -------------------
                         (clock sys_clk_pin rise edge)
                                                      0.000     0.000 r  
    K17                                               0.000     0.000 r  sysclk (IN)
                         net (fo=0)                   0.000     0.000    sysclk
    K17                  IBUF (Prop_ibuf_I_O)         0.259     0.259 r  sysclk_IBUF_inst/O
                         net (fo=1, routed)           0.627     0.887    sysclk_IBUF
    BUFGCTRL_X0Y16       BUFG (Prop_bufg_I_O)         0.026     0.913 r  sysclk_IBUF_BUFG_inst/O
                         net (fo=36, routed)          0.560     1.472    inst_synch/sysclk
    SLICE_X31Y50         FDRE                                         r  inst_synch/ValueCounter1Hz_reg[4]/C
  -------------------------------------------------------------------    -------------------
    SLICE_X31Y50         FDRE (Prop_fdre_C_Q)         0.141     1.613 r  inst_synch/ValueCounter1Hz_reg[4]/Q
                         net (fo=5, routed)           0.162     1.775    inst_synch/ValueCounter1Hz_reg[4]
    SLICE_X30Y50         LUT4 (Prop_lut4_I1_O)        0.045     1.820 r  inst_synch/ValueCounter1Hz[6]_i_1/O
                         net (fo=1, routed)           0.000     1.820    inst_synch/p_0_in__0[6]
    SLICE_X30Y50         FDRE                                         r  inst_synch/ValueCounter1Hz_reg[6]/D
  -------------------------------------------------------------------    -------------------

                         (clock sys_clk_pin rise edge)
                                                      0.000     0.000 r  
    K17                                               0.000     0.000 r  sysclk (IN)
                         net (fo=0)                   0.000     0.000    sysclk
    K17                  IBUF (Prop_ibuf_I_O)         0.447     0.447 r  sysclk_IBUF_inst/O
                         net (fo=1, routed)           0.683     1.130    sysclk_IBUF
    BUFGCTRL_X0Y16       BUFG (Prop_bufg_I_O)         0.029     1.159 r  sysclk_IBUF_BUFG_inst/O
                         net (fo=36, routed)          0.829     1.988    inst_synch/sysclk
    SLICE_X30Y50         FDRE                                         r  inst_synch/ValueCounter1Hz_reg[6]/C
                         clock pessimism             -0.503     1.485    
    SLICE_X30Y50         FDRE (Hold_fdre_C_D)         0.120     1.605    inst_synch/ValueCounter1Hz_reg[6]
  -------------------------------------------------------------------
                         required time                         -1.605    
                         arrival time                           1.820    
  -------------------------------------------------------------------
                         slack                                  0.215    

Slack (MET) :             0.220ns  (arrival time - required time)
  Source:                 inst_synch/ValueCounter200kHz_reg[0]/C
                            (rising edge-triggered cell FDRE clocked by sys_clk_pin  {rise@0.000ns fall@4.000ns period=8.000ns})
  Destination:            inst_synch/ValueCounter200kHz_reg[2]/D
                            (rising edge-triggered cell FDRE clocked by sys_clk_pin  {rise@0.000ns fall@4.000ns period=8.000ns})
  Path Group:             sys_clk_pin
  Path Type:              Hold (Min at Fast Process Corner)
  Requirement:            0.000ns  (sys_clk_pin rise@0.000ns - sys_clk_pin rise@0.000ns)
  Data Path Delay:        0.340ns  (logic 0.212ns (62.435%)  route 0.128ns (37.565%))
  Logic Levels:           1  (LUT3=1)
  Clock Path Skew:        0.013ns (DCD - SCD - CPR)
    Destination Clock Delay (DCD):    1.988ns
    Source Clock Delay      (SCD):    1.472ns
    Clock Pessimism Removal (CPR):    0.503ns

    Location             Delay type                Incr(ns)  Path(ns)    Netlist Resource(s)
  -------------------------------------------------------------------    -------------------
                         (clock sys_clk_pin rise edge)
                                                      0.000     0.000 r  
    K17                                               0.000     0.000 r  sysclk (IN)
                         net (fo=0)                   0.000     0.000    sysclk
    K17                  IBUF (Prop_ibuf_I_O)         0.259     0.259 r  sysclk_IBUF_inst/O
                         net (fo=1, routed)           0.627     0.887    sysclk_IBUF
    BUFGCTRL_X0Y16       BUFG (Prop_bufg_I_O)         0.026     0.913 r  sysclk_IBUF_BUFG_inst/O
                         net (fo=36, routed)          0.560     1.472    inst_synch/sysclk
    SLICE_X28Y51         FDRE                                         r  inst_synch/ValueCounter200kHz_reg[0]/C
  -------------------------------------------------------------------    -------------------
    SLICE_X28Y51         FDRE (Prop_fdre_C_Q)         0.164     1.636 r  inst_synch/ValueCounter200kHz_reg[0]/Q
                         net (fo=8, routed)           0.128     1.764    inst_synch/ValueCounter200kHz_reg[0]
    SLICE_X29Y51         LUT3 (Prop_lut3_I0_O)        0.048     1.812 r  inst_synch/ValueCounter200kHz[2]_i_1/O
                         net (fo=1, routed)           0.000     1.812    inst_synch/ValueCounter200kHz[2]_i_1_n_0
    SLICE_X29Y51         FDRE                                         r  inst_synch/ValueCounter200kHz_reg[2]/D
  -------------------------------------------------------------------    -------------------

                         (clock sys_clk_pin rise edge)
                                                      0.000     0.000 r  
    K17                                               0.000     0.000 r  sysclk (IN)
                         net (fo=0)                   0.000     0.000    sysclk
    K17                  IBUF (Prop_ibuf_I_O)         0.447     0.447 r  sysclk_IBUF_inst/O
                         net (fo=1, routed)           0.683     1.130    sysclk_IBUF
    BUFGCTRL_X0Y16       BUFG (Prop_bufg_I_O)         0.029     1.159 r  sysclk_IBUF_BUFG_inst/O
                         net (fo=36, routed)          0.829     1.988    inst_synch/sysclk
    SLICE_X29Y51         FDRE                                         r  inst_synch/ValueCounter200kHz_reg[2]/C
                         clock pessimism             -0.503     1.485    
    SLICE_X29Y51         FDRE (Hold_fdre_C_D)         0.107     1.592    inst_synch/ValueCounter200kHz_reg[2]
  -------------------------------------------------------------------
                         required time                         -1.592    
                         arrival time                           1.812    
  -------------------------------------------------------------------
                         slack                                  0.220    

Slack (MET) :             0.222ns  (arrival time - required time)
  Source:                 inst_synch/ValueCounter200kHz_reg[0]/C
                            (rising edge-triggered cell FDRE clocked by sys_clk_pin  {rise@0.000ns fall@4.000ns period=8.000ns})
  Destination:            inst_synch/ValueCounter200kHz_reg[4]/D
                            (rising edge-triggered cell FDRE clocked by sys_clk_pin  {rise@0.000ns fall@4.000ns period=8.000ns})
  Path Group:             sys_clk_pin
  Path Type:              Hold (Min at Fast Process Corner)
  Requirement:            0.000ns  (sys_clk_pin rise@0.000ns - sys_clk_pin rise@0.000ns)
  Data Path Delay:        0.342ns  (logic 0.213ns (62.363%)  route 0.129ns (37.637%))
  Logic Levels:           1  (LUT5=1)
  Clock Path Skew:        0.013ns (DCD - SCD - CPR)
    Destination Clock Delay (DCD):    1.988ns
    Source Clock Delay      (SCD):    1.472ns
    Clock Pessimism Removal (CPR):    0.503ns

    Location             Delay type                Incr(ns)  Path(ns)    Netlist Resource(s)
  -------------------------------------------------------------------    -------------------
                         (clock sys_clk_pin rise edge)
                                                      0.000     0.000 r  
    K17                                               0.000     0.000 r  sysclk (IN)
                         net (fo=0)                   0.000     0.000    sysclk
    K17                  IBUF (Prop_ibuf_I_O)         0.259     0.259 r  sysclk_IBUF_inst/O
                         net (fo=1, routed)           0.627     0.887    sysclk_IBUF
    BUFGCTRL_X0Y16       BUFG (Prop_bufg_I_O)         0.026     0.913 r  sysclk_IBUF_BUFG_inst/O
                         net (fo=36, routed)          0.560     1.472    inst_synch/sysclk
    SLICE_X28Y51         FDRE                                         r  inst_synch/ValueCounter200kHz_reg[0]/C
  -------------------------------------------------------------------    -------------------
    SLICE_X28Y51         FDRE (Prop_fdre_C_Q)         0.164     1.636 r  inst_synch/ValueCounter200kHz_reg[0]/Q
                         net (fo=8, routed)           0.129     1.765    inst_synch/ValueCounter200kHz_reg[0]
    SLICE_X29Y51         LUT5 (Prop_lut5_I0_O)        0.049     1.814 r  inst_synch/ValueCounter200kHz[4]_i_1/O
                         net (fo=1, routed)           0.000     1.814    inst_synch/ValueCounter200kHz[4]_i_1_n_0
    SLICE_X29Y51         FDRE                                         r  inst_synch/ValueCounter200kHz_reg[4]/D
  -------------------------------------------------------------------    -------------------

                         (clock sys_clk_pin rise edge)
                                                      0.000     0.000 r  
    K17                                               0.000     0.000 r  sysclk (IN)
                         net (fo=0)                   0.000     0.000    sysclk
    K17                  IBUF (Prop_ibuf_I_O)         0.447     0.447 r  sysclk_IBUF_inst/O
                         net (fo=1, routed)           0.683     1.130    sysclk_IBUF
    BUFGCTRL_X0Y16       BUFG (Prop_bufg_I_O)         0.029     1.159 r  sysclk_IBUF_BUFG_inst/O
                         net (fo=36, routed)          0.829     1.988    inst_synch/sysclk
    SLICE_X29Y51         FDRE                                         r  inst_synch/ValueCounter200kHz_reg[4]/C
                         clock pessimism             -0.503     1.485    
    SLICE_X29Y51         FDRE (Hold_fdre_C_D)         0.107     1.592    inst_synch/ValueCounter200kHz_reg[4]
  -------------------------------------------------------------------
                         required time                         -1.592    
                         arrival time                           1.814    
  -------------------------------------------------------------------
                         slack                                  0.222    

Slack (MET) :             0.233ns  (arrival time - required time)
  Source:                 inst_synch/ValueCounter200kHz_reg[0]/C
                            (rising edge-triggered cell FDRE clocked by sys_clk_pin  {rise@0.000ns fall@4.000ns period=8.000ns})
  Destination:            inst_synch/ValueCounter200kHz_reg[1]/D
                            (rising edge-triggered cell FDRE clocked by sys_clk_pin  {rise@0.000ns fall@4.000ns period=8.000ns})
  Path Group:             sys_clk_pin
  Path Type:              Hold (Min at Fast Process Corner)
  Requirement:            0.000ns  (sys_clk_pin rise@0.000ns - sys_clk_pin rise@0.000ns)
  Data Path Delay:        0.337ns  (logic 0.209ns (62.101%)  route 0.128ns (37.899%))
  Logic Levels:           1  (LUT5=1)
  Clock Path Skew:        0.013ns (DCD - SCD - CPR)
    Destination Clock Delay (DCD):    1.988ns
    Source Clock Delay      (SCD):    1.472ns
    Clock Pessimism Removal (CPR):    0.503ns

    Location             Delay type                Incr(ns)  Path(ns)    Netlist Resource(s)
  -------------------------------------------------------------------    -------------------
                         (clock sys_clk_pin rise edge)
                                                      0.000     0.000 r  
    K17                                               0.000     0.000 r  sysclk (IN)
                         net (fo=0)                   0.000     0.000    sysclk
    K17                  IBUF (Prop_ibuf_I_O)         0.259     0.259 r  sysclk_IBUF_inst/O
                         net (fo=1, routed)           0.627     0.887    sysclk_IBUF
    BUFGCTRL_X0Y16       BUFG (Prop_bufg_I_O)         0.026     0.913 r  sysclk_IBUF_BUFG_inst/O
                         net (fo=36, routed)          0.560     1.472    inst_synch/sysclk
    SLICE_X28Y51         FDRE                                         r  inst_synch/ValueCounter200kHz_reg[0]/C
  -------------------------------------------------------------------    -------------------
    SLICE_X28Y51         FDRE (Prop_fdre_C_Q)         0.164     1.636 r  inst_synch/ValueCounter200kHz_reg[0]/Q
                         net (fo=8, routed)           0.128     1.764    inst_synch/ValueCounter200kHz_reg[0]
    SLICE_X29Y51         LUT5 (Prop_lut5_I0_O)        0.045     1.809 r  inst_synch/ValueCounter200kHz[1]_i_1/O
                         net (fo=1, routed)           0.000     1.809    inst_synch/ValueCounter200kHz[1]_i_1_n_0
    SLICE_X29Y51         FDRE                                         r  inst_synch/ValueCounter200kHz_reg[1]/D
  -------------------------------------------------------------------    -------------------

                         (clock sys_clk_pin rise edge)
                                                      0.000     0.000 r  
    K17                                               0.000     0.000 r  sysclk (IN)
                         net (fo=0)                   0.000     0.000    sysclk
    K17                  IBUF (Prop_ibuf_I_O)         0.447     0.447 r  sysclk_IBUF_inst/O
                         net (fo=1, routed)           0.683     1.130    sysclk_IBUF
    BUFGCTRL_X0Y16       BUFG (Prop_bufg_I_O)         0.029     1.159 r  sysclk_IBUF_BUFG_inst/O
                         net (fo=36, routed)          0.829     1.988    inst_synch/sysclk
    SLICE_X29Y51         FDRE                                         r  inst_synch/ValueCounter200kHz_reg[1]/C
                         clock pessimism             -0.503     1.485    
    SLICE_X29Y51         FDRE (Hold_fdre_C_D)         0.091     1.576    inst_synch/ValueCounter200kHz_reg[1]
  -------------------------------------------------------------------
                         required time                         -1.576    
                         arrival time                           1.809    
  -------------------------------------------------------------------
                         slack                                  0.233    





Pulse Width Checks
--------------------------------------------------------------------------------------
Clock Name:         sys_clk_pin
Waveform(ns):       { 0.000 4.000 }
Period(ns):         8.000
Sources:            { sysclk }

Check Type        Corner  Lib Pin  Reference Pin  Required(ns)  Actual(ns)  Slack(ns)  Location        Pin
Min Period        n/a     BUFG/I   n/a            2.155         8.000       5.845      BUFGCTRL_X0Y16  sysclk_IBUF_BUFG_inst/I
Min Period        n/a     FDRE/C   n/a            1.000         8.000       7.000      SLICE_X28Y47    inst_synch/ValueCounter100Hz_reg[0]/C
Min Period        n/a     FDRE/C   n/a            1.000         8.000       7.000      SLICE_X28Y49    inst_synch/ValueCounter100Hz_reg[10]/C
Min Period        n/a     FDRE/C   n/a            1.000         8.000       7.000      SLICE_X28Y49    inst_synch/ValueCounter100Hz_reg[11]/C
Min Period        n/a     FDRE/C   n/a            1.000         8.000       7.000      SLICE_X28Y50    inst_synch/ValueCounter100Hz_reg[12]/C
Min Period        n/a     FDRE/C   n/a            1.000         8.000       7.000      SLICE_X28Y50    inst_synch/ValueCounter100Hz_reg[13]/C
Min Period        n/a     FDRE/C   n/a            1.000         8.000       7.000      SLICE_X28Y50    inst_synch/ValueCounter100Hz_reg[14]/C
Min Period        n/a     FDRE/C   n/a            1.000         8.000       7.000      SLICE_X28Y50    inst_synch/ValueCounter100Hz_reg[15]/C
Min Period        n/a     FDRE/C   n/a            1.000         8.000       7.000      SLICE_X28Y47    inst_synch/ValueCounter100Hz_reg[1]/C
Min Period        n/a     FDRE/C   n/a            1.000         8.000       7.000      SLICE_X28Y47    inst_synch/ValueCounter100Hz_reg[2]/C
Low Pulse Width   Fast    FDRE/C   n/a            0.500         4.000       3.500      SLICE_X28Y47    inst_synch/ValueCounter100Hz_reg[0]/C
Low Pulse Width   Fast    FDRE/C   n/a            0.500         4.000       3.500      SLICE_X28Y49    inst_synch/ValueCounter100Hz_reg[10]/C
Low Pulse Width   Fast    FDRE/C   n/a            0.500         4.000       3.500      SLICE_X28Y49    inst_synch/ValueCounter100Hz_reg[11]/C
Low Pulse Width   Fast    FDRE/C   n/a            0.500         4.000       3.500      SLICE_X28Y47    inst_synch/ValueCounter100Hz_reg[1]/C
Low Pulse Width   Fast    FDRE/C   n/a            0.500         4.000       3.500      SLICE_X28Y47    inst_synch/ValueCounter100Hz_reg[2]/C
Low Pulse Width   Fast    FDRE/C   n/a            0.500         4.000       3.500      SLICE_X28Y47    inst_synch/ValueCounter100Hz_reg[3]/C
Low Pulse Width   Fast    FDRE/C   n/a            0.500         4.000       3.500      SLICE_X28Y48    inst_synch/ValueCounter100Hz_reg[4]/C
Low Pulse Width   Fast    FDRE/C   n/a            0.500         4.000       3.500      SLICE_X28Y48    inst_synch/ValueCounter100Hz_reg[5]/C
Low Pulse Width   Fast    FDRE/C   n/a            0.500         4.000       3.500      SLICE_X28Y48    inst_synch/ValueCounter100Hz_reg[6]/C
Low Pulse Width   Fast    FDRE/C   n/a            0.500         4.000       3.500      SLICE_X28Y48    inst_synch/ValueCounter100Hz_reg[7]/C
High Pulse Width  Slow    FDRE/C   n/a            0.500         4.000       3.500      SLICE_X28Y47    inst_synch/ValueCounter100Hz_reg[0]/C
High Pulse Width  Fast    FDRE/C   n/a            0.500         4.000       3.500      SLICE_X28Y47    inst_synch/ValueCounter100Hz_reg[0]/C
High Pulse Width  Slow    FDRE/C   n/a            0.500         4.000       3.500      SLICE_X28Y49    inst_synch/ValueCounter100Hz_reg[10]/C
High Pulse Width  Fast    FDRE/C   n/a            0.500         4.000       3.500      SLICE_X28Y49    inst_synch/ValueCounter100Hz_reg[10]/C
High Pulse Width  Slow    FDRE/C   n/a            0.500         4.000       3.500      SLICE_X28Y49    inst_synch/ValueCounter100Hz_reg[11]/C
High Pulse Width  Fast    FDRE/C   n/a            0.500         4.000       3.500      SLICE_X28Y49    inst_synch/ValueCounter100Hz_reg[11]/C
High Pulse Width  Fast    FDRE/C   n/a            0.500         4.000       3.500      SLICE_X28Y50    inst_synch/ValueCounter100Hz_reg[12]/C
High Pulse Width  Fast    FDRE/C   n/a            0.500         4.000       3.500      SLICE_X28Y50    inst_synch/ValueCounter100Hz_reg[13]/C
High Pulse Width  Fast    FDRE/C   n/a            0.500         4.000       3.500      SLICE_X28Y50    inst_synch/ValueCounter100Hz_reg[14]/C
High Pulse Width  Fast    FDRE/C   n/a            0.500         4.000       3.500      SLICE_X28Y50    inst_synch/ValueCounter100Hz_reg[15]/C



